# JRE version: Java(TM) SE Runtime Environment 18.9 (11.0.20+9) (build 11.0.20+9-LTS-256)
# Java VM: Java HotSpot(TM) 64-Bit Server VM 18.9 (11.0.20+9-LTS-256, mixed mode, tiered, compressed oops, g1 gc, windows-amd64)
Heap:
 garbage-first heap   total 131072K, used 39383K [0x0000000081600000, 0x0000000100000000)
  region size 1024K, 30 young (30720K), 7 survivors (7168K)
 Metaspace       used 49921K, capacity 51121K, committed 51404K, reserved 1093632K
  class space    used 6245K, capacity 6751K, committed 6860K, reserved 1048576K
GC Heap History (10 events):
Event: 0.687 GC heap before
{Heap before GC invocations=0 (full 0):
 garbage-first heap   total 131072K, used 24576K [0x0000000081600000, 0x0000000100000000)
  region size 1024K, 24 young (24576K), 0 survivors (0K)
 Metaspace       used 11529K, capacity 11837K, committed 12032K, reserved 1060864K
  class space    used 1153K, capacity 1253K, committed 1280K, reserved 1048576K
}
Event: 0.693 GC heap after
{Heap after GC invocations=1 (full 0):
 garbage-first heap   total 131072K, used 6828K [0x0000000081600000, 0x0000000100000000)
  region size 1024K, 3 young (3072K), 3 survivors (3072K)
 Metaspace       used 11529K, capacity 11837K, committed 12032K, reserved 1060864K
  class space    used 1153K, capacity 1253K, committed 1280K, reserved 1048576K
}
Event: 1.231 GC heap before
{Heap before GC invocations=1 (full 0):
 garbage-first heap   total 131072K, used 49836K [0x0000000081600000, 0x0000000100000000)
  region size 1024K, 46 young (47104K), 3 survivors (3072K)
 Metaspace       used 20592K, capacity 21117K, committed 21248K, reserved 1069056K
  class space    used 2245K, capacity 2449K, committed 2560K, reserved 1048576K
}
Event: 1.237 GC heap after
{Heap after GC invocations=2 (full 0):
 garbage-first heap   total 131072K, used 9119K [0x0000000081600000, 0x0000000100000000)
  region size 1024K, 6 young (6144K), 6 survivors (6144K)
 Metaspace       used 20592K, capacity 21117K, committed 21248K, reserved 1069056K
  class space    used 2245K, capacity 2449K, committed 2560K, reserved 1048576K
}
Event: 2.237 GC heap before
{Heap before GC invocations=3 (full 0):
 garbage-first heap   total 131072K, used 57247K [0x0000000081600000, 0x0000000100000000)
  region size 1024K, 54 young (55296K), 6 survivors (6144K)
 Metaspace       used 25781K, capacity 26423K, committed 26496K, reserved 1073152K
  class space    used 2908K, capacity 3176K, committed 3200K, reserved 1048576K
}
Event: 2.257 GC heap after
{Heap after GC invocations=4 (full 0):
 garbage-first heap   total 131072K, used 11553K [0x0000000081600000, 0x0000000100000000)
  region size 1024K, 5 young (5120K), 5 survivors (5120K)
 Metaspace       used 25781K, capacity 26423K, committed 26496K, reserved 1073152K
  class space    used 2908K, capacity 3176K, committed 3200K, reserved 1048576K
}
Event: 5.652 GC heap before
{Heap before GC invocations=4 (full 0):
 garbage-first heap   total 131072K, used 81185K [0x0000000081600000, 0x0000000100000000)
  region size 1024K, 74 young (75776K), 5 survivors (5120K)
 Metaspace       used 34879K, capacity 35824K, committed 35840K, reserved 1081344K
  class space    used 4100K, capacity 4471K, committed 4480K, reserved 1048576K
}
Event: 5.661 GC heap after
{Heap after GC invocations=5 (full 0):
 garbage-first heap   total 131072K, used 15335K [0x0000000081600000, 0x0000000100000000)
  region size 1024K, 9 young (9216K), 9 survivors (9216K)
 Metaspace       used 34879K, capacity 35824K, committed 35840K, reserved 1081344K
  class space    used 4100K, capacity 4471K, committed 4480K, reserved 1048576K
}
Event: 6.876 GC heap before
{Heap before GC invocations=6 (full 0):
 garbage-first heap   total 131072K, used 83943K [0x0000000081600000, 0x0000000100000000)
  region size 1024K, 76 young (77824K), 9 survivors (9216K)
 Metaspace       used 45677K, capacity 46804K, committed 47052K, reserved 1089536K
  class space    used 5722K, capacity 6209K, committed 6348K, reserved 1048576K
}
Event: 6.891 GC heap after
{Heap after GC invocations=7 (full 0):
 garbage-first heap   total 131072K, used 17879K [0x0000000081600000, 0x0000000100000000)
  region size 1024K, 7 young (7168K), 7 survivors (7168K)
 Metaspace       used 45677K, capacity 46804K, committed 47052K, reserved 1089536K
  class space    used 5722K, capacity 6209K, committed 6348K, reserved 1048576K
}

