# JRE version: Java(TM) SE Runtime Environment 18.9 (11.0.20+9) (build 11.0.20+9-LTS-256)
# Java VM: Java HotSpot(TM) 64-Bit Server VM 18.9 (11.0.20+9-LTS-256, mixed mode, tiered, compressed oops, g1 gc, windows-amd64)
Heap:
 garbage-first heap   total 131072K, used 44043K [0x0000000081600000, 0x0000000100000000)
  region size 1024K, 36 young (36864K), 4 survivors (4096K)
 Metaspace       used 33059K, capacity 34029K, committed 34304K, reserved 1079296K
  class space    used 3887K, capacity 4294K, committed 4352K, reserved 1048576K
GC Heap History (8 events):
Event: 4.182 GC heap before
{Heap before GC invocations=0 (full 0):
 garbage-first heap   total 131072K, used 24576K [0x0000000081600000, 0x0000000100000000)
  region size 1024K, 24 young (24576K), 0 survivors (0K)
 Metaspace       used 11913K, capacity 12163K, committed 12288K, reserved 1060864K
  class space    used 1177K, capacity 1270K, committed 1280K, reserved 1048576K
}
Event: 4.187 GC heap after
{Heap after GC invocations=1 (full 0):
 garbage-first heap   total 131072K, used 6832K [0x0000000081600000, 0x0000000100000000)
  region size 1024K, 3 young (3072K), 3 survivors (3072K)
 Metaspace       used 11913K, capacity 12163K, committed 12288K, reserved 1060864K
  class space    used 1177K, capacity 1270K, committed 1280K, reserved 1048576K
}
Event: 4.922 GC heap before
{Heap before GC invocations=1 (full 0):
 garbage-first heap   total 131072K, used 48816K [0x0000000081600000, 0x0000000100000000)
  region size 1024K, 46 young (47104K), 3 survivors (3072K)
 Metaspace       used 20618K, capacity 21115K, committed 21248K, reserved 1069056K
  class space    used 2237K, capacity 2444K, committed 2560K, reserved 1048576K
}
Event: 4.928 GC heap after
{Heap after GC invocations=2 (full 0):
 garbage-first heap   total 131072K, used 9232K [0x0000000081600000, 0x0000000100000000)
  region size 1024K, 6 young (6144K), 6 survivors (6144K)
 Metaspace       used 20618K, capacity 21115K, committed 21248K, reserved 1069056K
  class space    used 2237K, capacity 2444K, committed 2560K, reserved 1048576K
}
Event: 6.618 GC heap before
{Heap before GC invocations=3 (full 0):
 garbage-first heap   total 131072K, used 31760K [0x0000000081600000, 0x0000000100000000)
  region size 1024K, 28 young (28672K), 6 survivors (6144K)
 Metaspace       used 24371K, capacity 24955K, committed 25088K, reserved 1071104K
  class space    used 2730K, capacity 2962K, committed 3072K, reserved 1048576K
}
Event: 6.626 GC heap after
{Heap after GC invocations=4 (full 0):
 garbage-first heap   total 131072K, used 10089K [0x0000000081600000, 0x0000000100000000)
  region size 1024K, 1 young (1024K), 1 survivors (1024K)
 Metaspace       used 24371K, capacity 24955K, committed 25088K, reserved 1071104K
  class space    used 2730K, capacity 2962K, committed 3072K, reserved 1048576K
}
Event: 7.296 GC heap before
{Heap before GC invocations=4 (full 0):
 garbage-first heap   total 131072K, used 66409K [0x0000000081600000, 0x0000000100000000)
  region size 1024K, 56 young (57344K), 1 survivors (1024K)
 Metaspace       used 28771K, capacity 29521K, committed 29696K, reserved 1075200K
  class space    used 3273K, capacity 3584K, committed 3584K, reserved 1048576K
}
Event: 7.301 GC heap after
{Heap after GC invocations=5 (full 0):
 garbage-first heap   total 131072K, used 12299K [0x0000000081600000, 0x0000000100000000)
  region size 1024K, 4 young (4096K), 4 survivors (4096K)
 Metaspace       used 28771K, capacity 29521K, committed 29696K, reserved 1075200K
  class space    used 3273K, capacity 3584K, committed 3584K, reserved 1048576K
}

