# JRE version: Java(TM) SE Runtime Environment 18.9 (11.0.20+9) (build 11.0.20+9-LTS-256)
# Java VM: Java HotSpot(TM) 64-Bit Server VM 18.9 (11.0.20+9-LTS-256, mixed mode, tiered, compressed oops, g1 gc, windows-amd64)
Heap:
 garbage-first heap   total 262144K, used 84491K [0x00000000e0000000, 0x0000000100000000)
  region size 1024K, 39 young (39936K), 9 survivors (9216K)
 Metaspace       used 64728K, capacity 67466K, committed 67708K, reserved 444416K
  class space    used 8419K, capacity 9425K, committed 9472K, reserved 385024K
GC Heap History (10 events):
Event: 9.928 GC heap before
{Heap before GC invocations=7 (full 0):
 garbage-first heap   total 262144K, used 164749K [0x00000000e0000000, 0x0000000100000000)
  region size 1024K, 137 young (140288K), 6 survivors (6144K)
 Metaspace       used 47009K, capacity 48285K, committed 48508K, reserved 428032K
  class space    used 6132K, capacity 6632K, committed 6656K, reserved 385024K
}
Event: 9.940 GC heap after
{Heap after GC invocations=8 (full 0):
 garbage-first heap   total 262144K, used 32637K [0x00000000e0000000, 0x0000000100000000)
  region size 1024K, 14 young (14336K), 14 survivors (14336K)
 Metaspace       used 47009K, capacity 48285K, committed 48508K, reserved 428032K
  class space    used 6132K, capacity 6632K, committed 6656K, reserved 385024K
}
Event: 11.508 GC heap before
{Heap before GC invocations=9 (full 0):
 garbage-first heap   total 262144K, used 174973K [0x00000000e0000000, 0x0000000100000000)
  region size 1024K, 153 young (156672K), 14 survivors (14336K)
 Metaspace       used 55876K, capacity 57844K, committed 58108K, reserved 436224K
  class space    used 7479K, capacity 8244K, committed 8320K, reserved 385024K
}
Event: 11.522 GC heap after
{Heap after GC invocations=10 (full 0):
 garbage-first heap   total 262144K, used 39941K [0x00000000e0000000, 0x0000000100000000)
  region size 1024K, 17 young (17408K), 17 survivors (17408K)
 Metaspace       used 55876K, capacity 57844K, committed 58108K, reserved 436224K
  class space    used 7479K, capacity 8244K, committed 8320K, reserved 385024K
}
Event: 15.706 GC heap before
{Heap before GC invocations=10 (full 0):
 garbage-first heap   total 262144K, used 178181K [0x00000000e0000000, 0x0000000100000000)
  region size 1024K, 153 young (156672K), 17 survivors (17408K)
 Metaspace       used 61121K, capacity 63507K, committed 63740K, reserved 440320K
  class space    used 8122K, capacity 8999K, committed 9088K, reserved 385024K
}
Event: 15.725 GC heap after
{Heap after GC invocations=11 (full 0):
 garbage-first heap   total 262144K, used 49003K [0x00000000e0000000, 0x0000000100000000)
  region size 1024K, 17 young (17408K), 17 survivors (17408K)
 Metaspace       used 61121K, capacity 63507K, committed 63740K, reserved 440320K
  class space    used 8122K, capacity 8999K, committed 9088K, reserved 385024K
}
Event: 31.889 GC heap before
{Heap before GC invocations=11 (full 0):
 garbage-first heap   total 262144K, used 187243K [0x00000000e0000000, 0x0000000100000000)
  region size 1024K, 153 young (156672K), 17 survivors (17408K)
 Metaspace       used 63953K, capacity 66662K, committed 66940K, reserved 444416K
  class space    used 8411K, capacity 9414K, committed 9472K, reserved 385024K
}
Event: 31.908 GC heap after
{Heap after GC invocations=12 (full 0):
 garbage-first heap   total 262144K, used 53248K [0x00000000e0000000, 0x0000000100000000)
  region size 1024K, 13 young (13312K), 13 survivors (13312K)
 Metaspace       used 63953K, capacity 66662K, committed 66940K, reserved 444416K
  class space    used 8411K, capacity 9414K, committed 9472K, reserved 385024K
}
Event: 37.952 GC heap before
{Heap before GC invocations=12 (full 0):
 garbage-first heap   total 262144K, used 195584K [0x00000000e0000000, 0x0000000100000000)
  region size 1024K, 153 young (156672K), 13 survivors (13312K)
 Metaspace       used 64637K, capacity 67323K, committed 67452K, reserved 444416K
  class space    used 8419K, capacity 9424K, committed 9472K, reserved 385024K
}
Event: 37.963 GC heap after
{Heap after GC invocations=13 (full 0):
 garbage-first heap   total 262144K, used 54795K [0x00000000e0000000, 0x0000000100000000)
  region size 1024K, 9 young (9216K), 9 survivors (9216K)
 Metaspace       used 64637K, capacity 67323K, committed 67452K, reserved 444416K
  class space    used 8419K, capacity 9424K, committed 9472K, reserved 385024K
}

