# JRE version: Java(TM) SE Runtime Environment 18.9 (11.0.20+9) (build 11.0.20+9-LTS-256)
# Java VM: Java HotSpot(TM) 64-Bit Server VM 18.9 (11.0.20+9-LTS-256, mixed mode, tiered, compressed oops, g1 gc, windows-amd64)
Heap:
 garbage-first heap   total 157696K, used 81740K [0x0000000081600000, 0x0000000100000000)
  region size 1024K, 68 young (69632K), 9 survivors (9216K)
 Metaspace       used 63787K, capacity 65486K, committed 65612K, reserved 1105920K
  class space    used 8246K, capacity 8921K, committed 9036K, reserved 1048576K
GC Heap History (10 events):
Event: 1.846 GC heap before
{Heap before GC invocations=3 (full 0):
 garbage-first heap   total 131072K, used 48108K [0x0000000081600000, 0x0000000100000000)
  region size 1024K, 44 young (45056K), 6 survivors (6144K)
 Metaspace       used 25189K, capacity 25867K, committed 25984K, reserved 1073152K
  class space    used 2849K, capacity 3119K, committed 3200K, reserved 1048576K
}
Event: 1.856 GC heap after
{Heap after GC invocations=4 (full 0):
 garbage-first heap   total 131072K, used 11072K [0x0000000081600000, 0x0000000100000000)
  region size 1024K, 5 young (5120K), 5 survivors (5120K)
 Metaspace       used 25189K, capacity 25867K, committed 25984K, reserved 1073152K
  class space    used 2849K, capacity 3119K, committed 3200K, reserved 1048576K
}
Event: 3.169 GC heap before
{Heap before GC invocations=4 (full 0):
 garbage-first heap   total 131072K, used 67392K [0x0000000081600000, 0x0000000100000000)
  region size 1024K, 60 young (61440K), 5 survivors (5120K)
 Metaspace       used 31052K, capacity 31885K, committed 32128K, reserved 1077248K
  class space    used 3612K, capacity 3918K, committed 3968K, reserved 1048576K
}
Event: 3.180 GC heap after
{Heap after GC invocations=5 (full 0):
 garbage-first heap   total 131072K, used 13938K [0x0000000081600000, 0x0000000100000000)
  region size 1024K, 5 young (5120K), 5 survivors (5120K)
 Metaspace       used 31052K, capacity 31885K, committed 32128K, reserved 1077248K
  class space    used 3612K, capacity 3918K, committed 3968K, reserved 1048576K
}
Event: 4.783 GC heap before
{Heap before GC invocations=5 (full 0):
 garbage-first heap   total 131072K, used 38514K [0x0000000081600000, 0x0000000100000000)
  region size 1024K, 30 young (30720K), 5 survivors (5120K)
 Metaspace       used 34792K, capacity 35728K, committed 35840K, reserved 1081344K
  class space    used 4094K, capacity 4503K, committed 4608K, reserved 1048576K
}
Event: 4.793 GC heap after
{Heap after GC invocations=6 (full 0):
 garbage-first heap   total 157696K, used 15481K [0x0000000081600000, 0x0000000100000000)
  region size 1024K, 7 young (7168K), 7 survivors (7168K)
 Metaspace       used 34792K, capacity 35728K, committed 35840K, reserved 1081344K
  class space    used 4094K, capacity 4503K, committed 4608K, reserved 1048576K
}
Event: 6.566 GC heap before
{Heap before GC invocations=7 (full 0):
 garbage-first heap   total 157696K, used 95353K [0x0000000081600000, 0x0000000100000000)
  region size 1024K, 85 young (87040K), 7 survivors (7168K)
 Metaspace       used 47376K, capacity 48615K, committed 48768K, reserved 1091584K
  class space    used 5960K, capacity 6472K, committed 6528K, reserved 1048576K
}
Event: 6.580 GC heap after
{Heap after GC invocations=8 (full 0):
 garbage-first heap   total 157696K, used 18754K [0x0000000081600000, 0x0000000100000000)
  region size 1024K, 9 young (9216K), 9 survivors (9216K)
 Metaspace       used 47376K, capacity 48615K, committed 48768K, reserved 1091584K
  class space    used 5960K, capacity 6472K, committed 6528K, reserved 1048576K
}
Event: 8.100 GC heap before
{Heap before GC invocations=8 (full 0):
 garbage-first heap   total 157696K, used 97602K [0x0000000081600000, 0x0000000100000000)
  region size 1024K, 87 young (89088K), 9 survivors (9216K)
 Metaspace       used 58622K, capacity 60115K, committed 60160K, reserved 1101824K
  class space    used 7542K, capacity 8163K, committed 8192K, reserved 1048576K
}
Event: 8.115 GC heap after
{Heap after GC invocations=9 (full 0):
 garbage-first heap   total 157696K, used 22348K [0x0000000081600000, 0x0000000100000000)
  region size 1024K, 9 young (9216K), 9 survivors (9216K)
 Metaspace       used 58622K, capacity 60115K, committed 60160K, reserved 1101824K
  class space    used 7542K, capacity 8163K, committed 8192K, reserved 1048576K
}

