# JRE version: Java(TM) SE Runtime Environment 18.9 (11.0.20+9) (build 11.0.20+9-LTS-256)
# Java VM: Java HotSpot(TM) 64-Bit Server VM 18.9 (11.0.20+9-LTS-256, mixed mode, tiered, compressed oops, g1 gc, windows-amd64)
Heap:
 garbage-first heap   total 262144K, used 162599K [0x00000000e0000000, 0x0000000100000000)
  region size 1024K, 90 young (92160K), 7 survivors (7168K)
 Metaspace       used 84762K, capacity 87929K, committed 88144K, reserved 462848K
  class space    used 10746K, capacity 11913K, committed 12032K, reserved 385024K
GC Heap History (10 events):
Event: 16.088 GC heap before
{Heap before GC invocations=10 (full 0):
 garbage-first heap   total 262144K, used 187244K [0x00000000e0000000, 0x0000000100000000)
  region size 1024K, 153 young (156672K), 16 survivors (16384K)
 Metaspace       used 68633K, capacity 71076K, committed 71376K, reserved 446464K
  class space    used 9083K, capacity 10046K, committed 10112K, reserved 385024K
}
Event: 16.103 GC heap after
{Heap after GC invocations=11 (full 0):
 garbage-first heap   total 262144K, used 56890K [0x00000000e0000000, 0x0000000100000000)
  region size 1024K, 19 young (19456K), 19 survivors (19456K)
 Metaspace       used 68633K, capacity 71076K, committed 71376K, reserved 446464K
  class space    used 9083K, capacity 10046K, committed 10112K, reserved 385024K
}
Event: 19.556 GC heap before
{Heap before GC invocations=11 (full 0):
 garbage-first heap   total 262144K, used 195130K [0x00000000e0000000, 0x0000000100000000)
  region size 1024K, 153 young (156672K), 19 survivors (19456K)
 Metaspace       used 78561K, capacity 81360K, committed 81616K, reserved 456704K
  class space    used 10258K, capacity 11310K, committed 11392K, reserved 385024K
}
Event: 19.583 GC heap after
{Heap after GC invocations=12 (full 0):
 garbage-first heap   total 262144K, used 75776K [0x00000000e0000000, 0x0000000100000000)
  region size 1024K, 20 young (20480K), 20 survivors (20480K)
 Metaspace       used 78561K, capacity 81360K, committed 81616K, reserved 456704K
  class space    used 10258K, capacity 11310K, committed 11392K, reserved 385024K
}
Event: 39.694 GC heap before
{Heap before GC invocations=12 (full 0):
 garbage-first heap   total 262144K, used 197632K [0x00000000e0000000, 0x0000000100000000)
  region size 1024K, 140 young (143360K), 20 survivors (20480K)
 Metaspace       used 82729K, capacity 85801K, committed 85968K, reserved 460800K
  class space    used 10660K, capacity 11807K, committed 11904K, reserved 385024K
}
Event: 39.715 GC heap after
{Heap after GC invocations=13 (full 0):
 garbage-first heap   total 262144K, used 80764K [0x00000000e0000000, 0x0000000100000000)
  region size 1024K, 8 young (8192K), 8 survivors (8192K)
 Metaspace       used 82729K, capacity 85801K, committed 85968K, reserved 460800K
  class space    used 10660K, capacity 11807K, committed 11904K, reserved 385024K
}
Event: 54.787 GC heap before
{Heap before GC invocations=13 (full 0):
 garbage-first heap   total 262144K, used 202620K [0x00000000e0000000, 0x0000000100000000)
  region size 1024K, 127 young (130048K), 8 survivors (8192K)
 Metaspace       used 83400K, capacity 86485K, committed 86736K, reserved 460800K
  class space    used 10671K, capacity 11821K, committed 11904K, reserved 385024K
}
Event: 54.794 GC heap after
{Heap after GC invocations=14 (full 0):
 garbage-first heap   total 262144K, used 79516K [0x00000000e0000000, 0x0000000100000000)
  region size 1024K, 7 young (7168K), 7 survivors (7168K)
 Metaspace       used 83400K, capacity 86485K, committed 86736K, reserved 460800K
  class space    used 10671K, capacity 11821K, committed 11904K, reserved 385024K
}
Event: 223.970 GC heap before
{Heap before GC invocations=14 (full 0):
 garbage-first heap   total 262144K, used 203420K [0x00000000e0000000, 0x0000000100000000)
  region size 1024K, 129 young (132096K), 7 survivors (7168K)
 Metaspace       used 84475K, capacity 87621K, committed 87888K, reserved 462848K
  class space    used 10742K, capacity 11905K, committed 12032K, reserved 385024K
}
Event: 223.991 GC heap after
{Heap after GC invocations=15 (full 0):
 garbage-first heap   total 262144K, used 79655K [0x00000000e0000000, 0x0000000100000000)
  region size 1024K, 7 young (7168K), 7 survivors (7168K)
 Metaspace       used 84475K, capacity 87621K, committed 87888K, reserved 462848K
  class space    used 10742K, capacity 11905K, committed 12032K, reserved 385024K
}

