# JRE version: Java(TM) SE Runtime Environment 18.9 (11.0.20+9) (build 11.0.20+9-LTS-256)
# Java VM: Java HotSpot(TM) 64-Bit Server VM 18.9 (11.0.20+9-LTS-256, mixed mode, tiered, compressed oops, g1 gc, windows-amd64)
Heap:
 garbage-first heap   total 131072K, used 25813K [0x0000000081600000, 0x0000000100000000)
  region size 1024K, 18 young (18432K), 4 survivors (4096K)
 Metaspace       used 30862K, capacity 31671K, committed 31872K, reserved 1077248K
  class space    used 3592K, capacity 3912K, committed 3968K, reserved 1048576K
GC Heap History (8 events):
Event: 0.723 GC heap before
{Heap before GC invocations=0 (full 0):
 garbage-first heap   total 131072K, used 25600K [0x0000000081600000, 0x0000000100000000)
  region size 1024K, 24 young (24576K), 0 survivors (0K)
 Metaspace       used 11512K, capacity 11837K, committed 12032K, reserved 1060864K
  class space    used 1153K, capacity 1253K, committed 1280K, reserved 1048576K
}
Event: 0.729 GC heap after
{Heap after GC invocations=1 (full 0):
 garbage-first heap   total 131072K, used 6889K [0x0000000081600000, 0x0000000100000000)
  region size 1024K, 3 young (3072K), 3 survivors (3072K)
 Metaspace       used 11512K, capacity 11837K, committed 12032K, reserved 1060864K
  class space    used 1153K, capacity 1253K, committed 1280K, reserved 1048576K
}
Event: 1.449 GC heap before
{Heap before GC invocations=1 (full 0):
 garbage-first heap   total 131072K, used 49897K [0x0000000081600000, 0x0000000100000000)
  region size 1024K, 46 young (47104K), 3 survivors (3072K)
 Metaspace       used 20634K, capacity 21155K, committed 21504K, reserved 1069056K
  class space    used 2247K, capacity 2440K, committed 2560K, reserved 1048576K
}
Event: 1.456 GC heap after
{Heap after GC invocations=2 (full 0):
 garbage-first heap   total 131072K, used 9098K [0x0000000081600000, 0x0000000100000000)
  region size 1024K, 6 young (6144K), 6 survivors (6144K)
 Metaspace       used 20634K, capacity 21155K, committed 21504K, reserved 1069056K
  class space    used 2247K, capacity 2440K, committed 2560K, reserved 1048576K
}
Event: 2.549 GC heap before
{Heap before GC invocations=3 (full 0):
 garbage-first heap   total 131072K, used 31626K [0x0000000081600000, 0x0000000100000000)
  region size 1024K, 28 young (28672K), 6 survivors (6144K)
 Metaspace       used 23930K, capacity 24548K, committed 24832K, reserved 1071104K
  class space    used 2708K, capacity 2957K, committed 3072K, reserved 1048576K
}
Event: 2.556 GC heap after
{Heap after GC invocations=4 (full 0):
 garbage-first heap   total 131072K, used 10000K [0x0000000081600000, 0x0000000100000000)
  region size 1024K, 1 young (1024K), 1 survivors (1024K)
 Metaspace       used 23930K, capacity 24548K, committed 24832K, reserved 1071104K
  class space    used 2708K, capacity 2957K, committed 3072K, reserved 1048576K
}
Event: 3.341 GC heap before
{Heap before GC invocations=4 (full 0):
 garbage-first heap   total 131072K, used 67344K [0x0000000081600000, 0x0000000100000000)
  region size 1024K, 57 young (58368K), 1 survivors (1024K)
 Metaspace       used 28880K, capacity 29665K, committed 29824K, reserved 1075200K
  class space    used 3329K, capacity 3614K, committed 3712K, reserved 1048576K
}
Event: 3.346 GC heap after
{Heap after GC invocations=5 (full 0):
 garbage-first heap   total 131072K, used 12501K [0x0000000081600000, 0x0000000100000000)
  region size 1024K, 4 young (4096K), 4 survivors (4096K)
 Metaspace       used 28880K, capacity 29665K, committed 29824K, reserved 1075200K
  class space    used 3329K, capacity 3614K, committed 3712K, reserved 1048576K
}

