# JRE version: Java(TM) SE Runtime Environment 18.9 (11.0.20+9) (build 11.0.20+9-LTS-256)
# Java VM: Java HotSpot(TM) 64-Bit Server VM 18.9 (11.0.20+9-LTS-256, mixed mode, tiered, compressed oops, g1 gc, windows-amd64)
Heap:
 garbage-first heap   total 131072K, used 58866K [0x0000000081600000, 0x0000000100000000)
  region size 1024K, 52 young (53248K), 4 survivors (4096K)
 Metaspace       used 31093K, capacity 31913K, committed 32128K, reserved 1077248K
  class space    used 3633K, capacity 3950K, committed 3968K, reserved 1048576K
GC Heap History (6 events):
Event: 1.053 GC heap before
{Heap before GC invocations=0 (full 0):
 garbage-first heap   total 131072K, used 24576K [0x0000000081600000, 0x0000000100000000)
  region size 1024K, 24 young (24576K), 0 survivors (0K)
 Metaspace       used 11515K, capacity 11837K, committed 12032K, reserved 1060864K
  class space    used 1153K, capacity 1253K, committed 1280K, reserved 1048576K
}
Event: 1.062 GC heap after
{Heap after GC invocations=1 (full 0):
 garbage-first heap   total 131072K, used 6930K [0x0000000081600000, 0x0000000100000000)
  region size 1024K, 3 young (3072K), 3 survivors (3072K)
 Metaspace       used 11515K, capacity 11837K, committed 12032K, reserved 1060864K
  class space    used 1153K, capacity 1253K, committed 1280K, reserved 1048576K
}
Event: 1.757 GC heap before
{Heap before GC invocations=1 (full 0):
 garbage-first heap   total 131072K, used 48914K [0x0000000081600000, 0x0000000100000000)
  region size 1024K, 45 young (46080K), 3 survivors (3072K)
 Metaspace       used 20626K, capacity 21149K, committed 21248K, reserved 1069056K
  class space    used 2276K, capacity 2480K, committed 2560K, reserved 1048576K
}
Event: 1.762 GC heap after
{Heap after GC invocations=2 (full 0):
 garbage-first heap   total 131072K, used 8606K [0x0000000081600000, 0x0000000100000000)
  region size 1024K, 5 young (5120K), 5 survivors (5120K)
 Metaspace       used 20626K, capacity 21149K, committed 21248K, reserved 1069056K
  class space    used 2276K, capacity 2480K, committed 2560K, reserved 1048576K
}
Event: 2.289 GC heap before
{Heap before GC invocations=3 (full 0):
 garbage-first heap   total 131072K, used 52638K [0x0000000081600000, 0x0000000100000000)
  region size 1024K, 48 young (49152K), 5 survivors (5120K)
 Metaspace       used 25186K, capacity 25821K, committed 25984K, reserved 1073152K
  class space    used 2838K, capacity 3103K, committed 3200K, reserved 1048576K
}
Event: 2.296 GC heap after
{Heap after GC invocations=4 (full 0):
 garbage-first heap   total 131072K, used 10738K [0x0000000081600000, 0x0000000100000000)
  region size 1024K, 4 young (4096K), 4 survivors (4096K)
 Metaspace       used 25186K, capacity 25821K, committed 25984K, reserved 1073152K
  class space    used 2838K, capacity 3103K, committed 3200K, reserved 1048576K
}

