# JRE version: Java(TM) SE Runtime Environment 18.9 (11.0.20+9) (build 11.0.20+9-LTS-256)
# Java VM: Java HotSpot(TM) 64-Bit Server VM 18.9 (11.0.20+9-LTS-256, mixed mode, tiered, compressed oops, g1 gc, windows-amd64)
Heap:
 garbage-first heap   total 262144K, used 76029K [0x00000000e0000000, 0x0000000100000000)
  region size 1024K, 15 young (15360K), 8 survivors (8192K)
 Metaspace       used 74961K, capacity 77884K, committed 78076K, reserved 452608K
  class space    used 9739K, capacity 10814K, committed 10880K, reserved 385024K
GC Heap History (10 events):
Event: 10.418 GC heap before
{Heap before GC invocations=7 (full 0):
 garbage-first heap   total 262144K, used 154145K [0x00000000e0000000, 0x0000000100000000)
  region size 1024K, 127 young (130048K), 6 survivors (6144K)
 Metaspace       used 46359K, capacity 47622K, committed 47868K, reserved 428032K
  class space    used 6027K, capacity 6516K, committed 6528K, reserved 385024K
}
Event: 10.430 GC heap after
{Heap after GC invocations=8 (full 0):
 garbage-first heap   total 262144K, used 32180K [0x00000000e0000000, 0x0000000100000000)
  region size 1024K, 14 young (14336K), 14 survivors (14336K)
 Metaspace       used 46359K, capacity 47622K, committed 47868K, reserved 428032K
  class space    used 6027K, capacity 6516K, committed 6528K, reserved 385024K
}
Event: 11.959 GC heap before
{Heap before GC invocations=9 (full 0):
 garbage-first heap   total 262144K, used 168372K [0x00000000e0000000, 0x0000000100000000)
  region size 1024K, 147 young (150528K), 14 survivors (14336K)
 Metaspace       used 55190K, capacity 57050K, committed 57212K, reserved 434176K
  class space    used 7362K, capacity 8086K, committed 8192K, reserved 385024K
}
Event: 11.974 GC heap after
{Heap after GC invocations=10 (full 0):
 garbage-first heap   total 262144K, used 38282K [0x00000000e0000000, 0x0000000100000000)
  region size 1024K, 16 young (16384K), 16 survivors (16384K)
 Metaspace       used 55190K, capacity 57050K, committed 57212K, reserved 434176K
  class space    used 7362K, capacity 8086K, committed 8192K, reserved 385024K
}
Event: 14.721 GC heap before
{Heap before GC invocations=10 (full 0):
 garbage-first heap   total 262144K, used 177546K [0x00000000e0000000, 0x0000000100000000)
  region size 1024K, 153 young (156672K), 16 survivors (16384K)
 Metaspace       used 61034K, capacity 63387K, committed 63484K, reserved 440320K
  class space    used 8125K, capacity 9024K, committed 9088K, reserved 385024K
}
Event: 14.739 GC heap after
{Heap after GC invocations=11 (full 0):
 garbage-first heap   total 262144K, used 47737K [0x00000000e0000000, 0x0000000100000000)
  region size 1024K, 16 young (16384K), 16 survivors (16384K)
 Metaspace       used 61034K, capacity 63387K, committed 63484K, reserved 440320K
  class space    used 8125K, capacity 9024K, committed 9088K, reserved 385024K
}
Event: 17.369 GC heap before
{Heap before GC invocations=11 (full 0):
 garbage-first heap   total 262144K, used 188025K [0x00000000e0000000, 0x0000000100000000)
  region size 1024K, 153 young (156672K), 16 survivors (16384K)
 Metaspace       used 69347K, capacity 71985K, committed 72316K, reserved 448512K
  class space    used 9173K, capacity 10145K, committed 10240K, reserved 385024K
}
Event: 17.397 GC heap after
{Heap after GC invocations=12 (full 0):
 garbage-first heap   total 262144K, used 65211K [0x00000000e0000000, 0x0000000100000000)
  region size 1024K, 20 young (20480K), 20 survivors (20480K)
 Metaspace       used 69347K, capacity 71985K, committed 72316K, reserved 448512K
  class space    used 9173K, capacity 10145K, committed 10240K, reserved 385024K
}
Event: 19.757 GC heap before
{Heap before GC invocations=12 (full 0):
 garbage-first heap   total 262144K, used 192187K [0x00000000e0000000, 0x0000000100000000)
  region size 1024K, 144 young (147456K), 20 survivors (20480K)
 Metaspace       used 74589K, capacity 77476K, committed 77820K, reserved 452608K
  class space    used 9704K, capacity 10766K, committed 10880K, reserved 385024K
}
Event: 19.776 GC heap after
{Heap after GC invocations=13 (full 0):
 garbage-first heap   total 262144K, used 69885K [0x00000000e0000000, 0x0000000100000000)
  region size 1024K, 8 young (8192K), 8 survivors (8192K)
 Metaspace       used 74589K, capacity 77476K, committed 77820K, reserved 452608K
  class space    used 9704K, capacity 10766K, committed 10880K, reserved 385024K
}

