# JRE version: Java(TM) SE Runtime Environment 18.9 (11.0.20+9) (build 11.0.20+9-LTS-256)
# Java VM: Java HotSpot(TM) 64-Bit Server VM 18.9 (11.0.20+9-LTS-256, mixed mode, tiered, compressed oops, g1 gc, windows-amd64)
Heap:
 garbage-first heap   total 262144K, used 93085K [0x00000000e0000000, 0x0000000100000000)
  region size 1024K, 70 young (71680K), 6 survivors (6144K)
 Metaspace       used 42005K, capacity 43079K, committed 43344K, reserved 423936K
  class space    used 5407K, capacity 5810K, committed 5888K, reserved 385024K
GC Heap History (8 events):
Event: 2.602 GC heap before
{Heap before GC invocations=0 (full 0):
 garbage-first heap   total 262144K, used 27648K [0x00000000e0000000, 0x0000000100000000)
  region size 1024K, 24 young (24576K), 0 survivors (0K)
 Metaspace       used 9726K, capacity 9973K, committed 10112K, reserved 395264K
  class space    used 967K, capacity 1049K, committed 1152K, reserved 385024K
}
Event: 2.624 GC heap after
{Heap after GC invocations=1 (full 0):
 garbage-first heap   total 262144K, used 10930K [0x00000000e0000000, 0x0000000100000000)
  region size 1024K, 3 young (3072K), 3 survivors (3072K)
 Metaspace       used 9726K, capacity 9973K, committed 10112K, reserved 395264K
  class space    used 967K, capacity 1049K, committed 1152K, reserved 385024K
}
Event: 9.903 GC heap before
{Heap before GC invocations=1 (full 0):
 garbage-first heap   total 262144K, used 107186K [0x00000000e0000000, 0x0000000100000000)
  region size 1024K, 98 young (100352K), 3 survivors (3072K)
 Metaspace       used 20714K, capacity 21206K, committed 21296K, reserved 405504K
  class space    used 2480K, capacity 2656K, committed 2688K, reserved 385024K
}
Event: 9.913 GC heap after
{Heap after GC invocations=2 (full 0):
 garbage-first heap   total 262144K, used 18577K [0x00000000e0000000, 0x0000000100000000)
  region size 1024K, 11 young (11264K), 11 survivors (11264K)
 Metaspace       used 20714K, capacity 21206K, committed 21296K, reserved 405504K
  class space    used 2480K, capacity 2656K, committed 2688K, reserved 385024K
}
Event: 15.725 GC heap before
{Heap before GC invocations=3 (full 0):
 garbage-first heap   total 262144K, used 78993K [0x00000000e0000000, 0x0000000100000000)
  region size 1024K, 70 young (71680K), 11 survivors (11264K)
 Metaspace       used 25247K, capacity 25825K, committed 25904K, reserved 407552K
  class space    used 3235K, capacity 3434K, committed 3456K, reserved 385024K
}
Event: 15.735 GC heap after
{Heap after GC invocations=4 (full 0):
 garbage-first heap   total 262144K, used 20806K [0x00000000e0000000, 0x0000000100000000)
  region size 1024K, 3 young (3072K), 3 survivors (3072K)
 Metaspace       used 25247K, capacity 25825K, committed 25904K, reserved 407552K
  class space    used 3235K, capacity 3434K, committed 3456K, reserved 385024K
}
Event: 20.049 GC heap before
{Heap before GC invocations=4 (full 0):
 garbage-first heap   total 262144K, used 123206K [0x00000000e0000000, 0x0000000100000000)
  region size 1024K, 104 young (106496K), 3 survivors (3072K)
 Metaspace       used 34885K, capacity 35796K, committed 35920K, reserved 417792K
  class space    used 4705K, capacity 5069K, committed 5120K, reserved 385024K
}
Event: 20.056 GC heap after
{Heap after GC invocations=5 (full 0):
 garbage-first heap   total 262144K, used 24477K [0x00000000e0000000, 0x0000000100000000)
  region size 1024K, 6 young (6144K), 6 survivors (6144K)
 Metaspace       used 34885K, capacity 35796K, committed 35920K, reserved 417792K
  class space    used 4705K, capacity 5069K, committed 5120K, reserved 385024K
}

