# JRE version: Java(TM) SE Runtime Environment 18.9 (11.0.20+9) (build 11.0.20+9-LTS-256)
# Java VM: Java HotSpot(TM) 64-Bit Server VM 18.9 (11.0.20+9-LTS-256, mixed mode, tiered, compressed oops, g1 gc, windows-amd64)
Heap:
 garbage-first heap   total 262144K, used 75646K [0x00000000e0000000, 0x0000000100000000)
  region size 1024K, 45 young (46080K), 16 survivors (16384K)
 Metaspace       used 62634K, capacity 65105K, committed 65360K, reserved 442368K
  class space    used 8279K, capacity 9215K, committed 9216K, reserved 385024K
GC Heap History (10 events):
Event: 11.156 GC heap before
{Heap before GC invocations=4 (full 0):
 garbage-first heap   total 262144K, used 109831K [0x00000000e0000000, 0x0000000100000000)
  region size 1024K, 92 young (94208K), 3 survivors (3072K)
 Metaspace       used 34872K, capacity 35793K, committed 35920K, reserved 417792K
  class space    used 4692K, capacity 5068K, committed 5120K, reserved 385024K
}
Event: 11.162 GC heap after
{Heap after GC invocations=5 (full 0):
 garbage-first heap   total 262144K, used 24195K [0x00000000e0000000, 0x0000000100000000)
  region size 1024K, 6 young (6144K), 6 survivors (6144K)
 Metaspace       used 34872K, capacity 35793K, committed 35920K, reserved 417792K
  class space    used 4692K, capacity 5068K, committed 5120K, reserved 385024K
}
Event: 12.581 GC heap before
{Heap before GC invocations=6 (full 0):
 garbage-first heap   total 262144K, used 147075K [0x00000000e0000000, 0x0000000100000000)
  region size 1024K, 120 young (122880K), 6 survivors (6144K)
 Metaspace       used 46005K, capacity 47265K, committed 47568K, reserved 428032K
  class space    used 5966K, capacity 6439K, committed 6528K, reserved 385024K
}
Event: 12.592 GC heap after
{Heap after GC invocations=7 (full 0):
 garbage-first heap   total 262144K, used 32145K [0x00000000e0000000, 0x0000000100000000)
  region size 1024K, 14 young (14336K), 14 survivors (14336K)
 Metaspace       used 46005K, capacity 47265K, committed 47568K, reserved 428032K
  class space    used 5966K, capacity 6439K, committed 6528K, reserved 385024K
}
Event: 15.072 GC heap before
{Heap before GC invocations=7 (full 0):
 garbage-first heap   total 262144K, used 160145K [0x00000000e0000000, 0x0000000100000000)
  region size 1024K, 140 young (143360K), 14 survivors (14336K)
 Metaspace       used 54923K, capacity 56746K, committed 57040K, reserved 434176K
  class space    used 7314K, capacity 8004K, committed 8064K, reserved 385024K
}
Event: 15.085 GC heap after
{Heap after GC invocations=8 (full 0):
 garbage-first heap   total 262144K, used 37599K [0x00000000e0000000, 0x0000000100000000)
  region size 1024K, 14 young (14336K), 14 survivors (14336K)
 Metaspace       used 54923K, capacity 56746K, committed 57040K, reserved 434176K
  class space    used 7314K, capacity 8004K, committed 8064K, reserved 385024K
}
Event: 15.856 GC heap before
{Heap before GC invocations=8 (full 0):
 garbage-first heap   total 262144K, used 101087K [0x00000000e0000000, 0x0000000100000000)
  region size 1024K, 78 young (79872K), 14 survivors (14336K)
 Metaspace       used 57902K, capacity 60159K, committed 60240K, reserved 438272K
  class space    used 7812K, capacity 8669K, committed 8704K, reserved 385024K
}
Event: 15.870 GC heap after
{Heap after GC invocations=9 (full 0):
 garbage-first heap   total 262144K, used 42354K [0x00000000e0000000, 0x0000000100000000)
  region size 1024K, 11 young (11264K), 11 survivors (11264K)
 Metaspace       used 57902K, capacity 60159K, committed 60240K, reserved 438272K
  class space    used 7812K, capacity 8669K, committed 8704K, reserved 385024K
}
Event: 19.795 GC heap before
{Heap before GC invocations=10 (full 0):
 garbage-first heap   total 262144K, used 186738K [0x00000000e0000000, 0x0000000100000000)
  region size 1024K, 153 young (156672K), 11 survivors (11264K)
 Metaspace       used 61959K, capacity 64401K, committed 64592K, reserved 442368K
  class space    used 8227K, capacity 9155K, committed 9216K, reserved 385024K
}
Event: 19.814 GC heap after
{Heap after GC invocations=11 (full 0):
 garbage-first heap   total 262144K, used 46974K [0x00000000e0000000, 0x0000000100000000)
  region size 1024K, 16 young (16384K), 16 survivors (16384K)
 Metaspace       used 61959K, capacity 64401K, committed 64592K, reserved 442368K
  class space    used 8227K, capacity 9155K, committed 9216K, reserved 385024K
}

