# JRE version: Java(TM) SE Runtime Environment 18.9 (11.0.20+9) (build 11.0.20+9-LTS-256)
# Java VM: Java HotSpot(TM) 64-Bit Server VM 18.9 (11.0.20+9-LTS-256, mixed mode, tiered, compressed oops, g1 gc, windows-amd64)
Heap:
 garbage-first heap   total 262144K, used 86400K [0x00000000e0000000, 0x0000000100000000)
  region size 1024K, 64 young (65536K), 6 survivors (6144K)
 Metaspace       used 41597K, capacity 42657K, committed 42704K, reserved 423936K
  class space    used 5340K, capacity 5753K, committed 5760K, reserved 385024K
GC Heap History (8 events):
Event: 2.624 GC heap before
{Heap before GC invocations=0 (full 0):
 garbage-first heap   total 262144K, used 27648K [0x00000000e0000000, 0x0000000100000000)
  region size 1024K, 24 young (24576K), 0 survivors (0K)
 Metaspace       used 9811K, capacity 10037K, committed 10368K, reserved 395264K
  class space    used 979K, capacity 1049K, committed 1152K, reserved 385024K
}
Event: 2.658 GC heap after
{Heap after GC invocations=1 (full 0):
 garbage-first heap   total 262144K, used 10614K [0x00000000e0000000, 0x0000000100000000)
  region size 1024K, 3 young (3072K), 3 survivors (3072K)
 Metaspace       used 9811K, capacity 10037K, committed 10368K, reserved 395264K
  class space    used 979K, capacity 1049K, committed 1152K, reserved 385024K
}
Event: 9.828 GC heap before
{Heap before GC invocations=1 (full 0):
 garbage-first heap   total 262144K, used 106870K [0x00000000e0000000, 0x0000000100000000)
  region size 1024K, 98 young (100352K), 3 survivors (3072K)
 Metaspace       used 20725K, capacity 21206K, committed 21296K, reserved 405504K
  class space    used 2480K, capacity 2656K, committed 2688K, reserved 385024K
}
Event: 9.845 GC heap after
{Heap after GC invocations=2 (full 0):
 garbage-first heap   total 262144K, used 18545K [0x00000000e0000000, 0x0000000100000000)
  region size 1024K, 11 young (11264K), 11 survivors (11264K)
 Metaspace       used 20725K, capacity 21206K, committed 21296K, reserved 405504K
  class space    used 2480K, capacity 2656K, committed 2688K, reserved 385024K
}
Event: 15.773 GC heap before
{Heap before GC invocations=3 (full 0):
 garbage-first heap   total 262144K, used 81009K [0x00000000e0000000, 0x0000000100000000)
  region size 1024K, 72 young (73728K), 11 survivors (11264K)
 Metaspace       used 25297K, capacity 25921K, committed 26288K, reserved 409600K
  class space    used 3247K, capacity 3466K, committed 3584K, reserved 385024K
}
Event: 15.797 GC heap after
{Heap after GC invocations=4 (full 0):
 garbage-first heap   total 262144K, used 20643K [0x00000000e0000000, 0x0000000100000000)
  region size 1024K, 3 young (3072K), 3 survivors (3072K)
 Metaspace       used 25297K, capacity 25921K, committed 26288K, reserved 409600K
  class space    used 3247K, capacity 3466K, committed 3584K, reserved 385024K
}
Event: 20.625 GC heap before
{Heap before GC invocations=4 (full 0):
 garbage-first heap   total 262144K, used 120995K [0x00000000e0000000, 0x0000000100000000)
  region size 1024K, 102 young (104448K), 3 survivors (3072K)
 Metaspace       used 34901K, capacity 35796K, committed 35920K, reserved 417792K
  class space    used 4707K, capacity 5069K, committed 5120K, reserved 385024K
}
Event: 20.634 GC heap after
{Heap after GC invocations=5 (full 0):
 garbage-first heap   total 262144K, used 23936K [0x00000000e0000000, 0x0000000100000000)
  region size 1024K, 6 young (6144K), 6 survivors (6144K)
 Metaspace       used 34901K, capacity 35796K, committed 35920K, reserved 417792K
  class space    used 4707K, capacity 5069K, committed 5120K, reserved 385024K
}

