# JRE version: Java(TM) SE Runtime Environment 18.9 (11.0.20+9) (build 11.0.20+9-LTS-256)
# Java VM: Java HotSpot(TM) 64-Bit Server VM 18.9 (11.0.20+9-LTS-256, mixed mode, tiered, compressed oops, g1 gc, windows-amd64)
Heap:
 garbage-first heap   total 262144K, used 37084K [0x00000000e0000000, 0x0000000100000000)
  region size 1024K, 14 young (14336K), 13 survivors (13312K)
 Metaspace       used 58532K, capacity 60171K, committed 60496K, reserved 438272K
  class space    used 7696K, capacity 8364K, committed 8448K, reserved 385024K
GC Heap History (10 events):
Event: 0.594 GC heap before
{Heap before GC invocations=0 (full 0):
 garbage-first heap   total 262144K, used 27648K [0x00000000e0000000, 0x0000000100000000)
  region size 1024K, 24 young (24576K), 0 survivors (0K)
 Metaspace       used 9840K, capacity 10037K, committed 10368K, reserved 395264K
  class space    used 990K, capacity 1049K, committed 1152K, reserved 385024K
}
Event: 0.599 GC heap after
{Heap after GC invocations=1 (full 0):
 garbage-first heap   total 262144K, used 10797K [0x00000000e0000000, 0x0000000100000000)
  region size 1024K, 3 young (3072K), 3 survivors (3072K)
 Metaspace       used 9840K, capacity 10037K, committed 10368K, reserved 395264K
  class space    used 990K, capacity 1049K, committed 1152K, reserved 385024K
}
Event: 4.454 GC heap before
{Heap before GC invocations=1 (full 0):
 garbage-first heap   total 262144K, used 110125K [0x00000000e0000000, 0x0000000100000000)
  region size 1024K, 100 young (102400K), 3 survivors (3072K)
 Metaspace       used 20741K, capacity 21212K, committed 21296K, reserved 405504K
  class space    used 2492K, capacity 2657K, committed 2688K, reserved 385024K
}
Event: 4.462 GC heap after
{Heap after GC invocations=2 (full 0):
 garbage-first heap   total 262144K, used 18974K [0x00000000e0000000, 0x0000000100000000)
  region size 1024K, 11 young (11264K), 11 survivors (11264K)
 Metaspace       used 20741K, capacity 21212K, committed 21296K, reserved 405504K
  class space    used 2492K, capacity 2657K, committed 2688K, reserved 385024K
}
Event: 5.092 GC heap before
{Heap before GC invocations=3 (full 0):
 garbage-first heap   total 262144K, used 82462K [0x00000000e0000000, 0x0000000100000000)
  region size 1024K, 73 young (74752K), 11 survivors (11264K)
 Metaspace       used 25438K, capacity 26145K, committed 26288K, reserved 409600K
  class space    used 3283K, capacity 3498K, committed 3584K, reserved 385024K
}
Event: 5.100 GC heap after
{Heap after GC invocations=4 (full 0):
 garbage-first heap   total 262144K, used 20966K [0x00000000e0000000, 0x0000000100000000)
  region size 1024K, 3 young (3072K), 3 survivors (3072K)
 Metaspace       used 25438K, capacity 26145K, committed 26288K, reserved 409600K
  class space    used 3283K, capacity 3498K, committed 3584K, reserved 385024K
}
Event: 6.234 GC heap before
{Heap before GC invocations=4 (full 0):
 garbage-first heap   total 262144K, used 116198K [0x00000000e0000000, 0x0000000100000000)
  region size 1024K, 97 young (99328K), 3 survivors (3072K)
 Metaspace       used 34869K, capacity 35793K, committed 35920K, reserved 417792K
  class space    used 4694K, capacity 5068K, committed 5120K, reserved 385024K
}
Event: 6.240 GC heap after
{Heap after GC invocations=5 (full 0):
 garbage-first heap   total 262144K, used 24428K [0x00000000e0000000, 0x0000000100000000)
  region size 1024K, 6 young (6144K), 6 survivors (6144K)
 Metaspace       used 34869K, capacity 35793K, committed 35920K, reserved 417792K
  class space    used 4694K, capacity 5068K, committed 5120K, reserved 385024K
}
Event: 7.609 GC heap before
{Heap before GC invocations=6 (full 0):
 garbage-first heap   total 262144K, used 144236K [0x00000000e0000000, 0x0000000100000000)
  region size 1024K, 117 young (119808K), 6 survivors (6144K)
 Metaspace       used 45861K, capacity 47120K, committed 47184K, reserved 425984K
  class space    used 5927K, capacity 6369K, committed 6400K, reserved 385024K
}
Event: 7.620 GC heap after
{Heap after GC invocations=7 (full 0):
 garbage-first heap   total 262144K, used 32376K [0x00000000e0000000, 0x0000000100000000)
  region size 1024K, 14 young (14336K), 14 survivors (14336K)
 Metaspace       used 45861K, capacity 47120K, committed 47184K, reserved 425984K
  class space    used 5927K, capacity 6369K, committed 6400K, reserved 385024K
}

