# JRE version: Java(TM) SE Runtime Environment 18.9 (11.0.20+9) (build 11.0.20+9-LTS-256)
# Java VM: Java HotSpot(TM) 64-Bit Server VM 18.9 (11.0.20+9-LTS-256, mixed mode, tiered, compressed oops, g1 gc, windows-amd64)
Heap:
 garbage-first heap   total 157696K, used 93902K [0x0000000081600000, 0x0000000100000000)
  region size 1024K, 82 young (83968K), 7 survivors (7168K)
 Metaspace       used 57329K, capacity 58711K, committed 58880K, reserved 1099776K
  class space    used 7343K, capacity 7932K, committed 7936K, reserved 1048576K
GC Heap History (10 events):
Event: 1.518 GC heap before
{Heap before GC invocations=1 (full 0):
 garbage-first heap   total 131072K, used 44791K [0x0000000081600000, 0x0000000100000000)
  region size 1024K, 40 young (40960K), 3 survivors (3072K)
 Metaspace       used 19497K, capacity 20015K, committed 20352K, reserved 1067008K
  class space    used 2143K, capacity 2338K, committed 2432K, reserved 1048576K
}
Event: 1.524 GC heap after
{Heap after GC invocations=2 (full 0):
 garbage-first heap   total 131072K, used 9174K [0x0000000081600000, 0x0000000100000000)
  region size 1024K, 3 young (3072K), 3 survivors (3072K)
 Metaspace       used 19497K, capacity 20015K, committed 20352K, reserved 1067008K
  class space    used 2143K, capacity 2338K, committed 2432K, reserved 1048576K
}
Event: 1.588 GC heap before
{Heap before GC invocations=2 (full 0):
 garbage-first heap   total 131072K, used 14294K [0x0000000081600000, 0x0000000100000000)
  region size 1024K, 9 young (9216K), 3 survivors (3072K)
 Metaspace       used 20620K, capacity 21117K, committed 21248K, reserved 1069056K
  class space    used 2249K, capacity 2449K, committed 2560K, reserved 1048576K
}
Event: 1.592 GC heap after
{Heap after GC invocations=3 (full 0):
 garbage-first heap   total 131072K, used 9436K [0x0000000081600000, 0x0000000100000000)
  region size 1024K, 3 young (3072K), 3 survivors (3072K)
 Metaspace       used 20620K, capacity 21117K, committed 21248K, reserved 1069056K
  class space    used 2249K, capacity 2449K, committed 2560K, reserved 1048576K
}
Event: 2.936 GC heap before
{Heap before GC invocations=4 (full 0):
 garbage-first heap   total 131072K, used 62684K [0x0000000081600000, 0x0000000100000000)
  region size 1024K, 55 young (56320K), 3 survivors (3072K)
 Metaspace       used 25936K, capacity 26649K, committed 26880K, reserved 1073152K
  class space    used 2925K, capacity 3208K, committed 3328K, reserved 1048576K
}
Event: 2.941 GC heap after
{Heap after GC invocations=5 (full 0):
 garbage-first heap   total 131072K, used 11379K [0x0000000081600000, 0x0000000100000000)
  region size 1024K, 5 young (5120K), 5 survivors (5120K)
 Metaspace       used 25936K, capacity 26649K, committed 26880K, reserved 1073152K
  class space    used 2925K, capacity 3208K, committed 3328K, reserved 1048576K
}
Event: 5.673 GC heap before
{Heap before GC invocations=5 (full 0):
 garbage-first heap   total 131072K, used 76915K [0x0000000081600000, 0x0000000100000000)
  region size 1024K, 70 young (71680K), 5 survivors (5120K)
 Metaspace       used 34784K, capacity 35728K, committed 35840K, reserved 1081344K
  class space    used 4093K, capacity 4503K, committed 4608K, reserved 1048576K
}
Event: 5.687 GC heap after
{Heap after GC invocations=6 (full 0):
 garbage-first heap   total 131072K, used 15605K [0x0000000081600000, 0x0000000100000000)
  region size 1024K, 9 young (9216K), 9 survivors (9216K)
 Metaspace       used 34784K, capacity 35728K, committed 35840K, reserved 1081344K
  class space    used 4093K, capacity 4503K, committed 4608K, reserved 1048576K
}
Event: 7.251 GC heap before
{Heap before GC invocations=7 (full 0):
 garbage-first heap   total 131072K, used 83189K [0x0000000081600000, 0x0000000100000000)
  region size 1024K, 76 young (77824K), 9 survivors (9216K)
 Metaspace       used 45866K, capacity 47035K, committed 47232K, reserved 1089536K
  class space    used 5742K, capacity 6244K, committed 6272K, reserved 1048576K
}
Event: 7.265 GC heap after
{Heap after GC invocations=8 (full 0):
 garbage-first heap   total 157696K, used 18126K [0x0000000081600000, 0x0000000100000000)
  region size 1024K, 7 young (7168K), 7 survivors (7168K)
 Metaspace       used 45866K, capacity 47035K, committed 47232K, reserved 1089536K
  class space    used 5742K, capacity 6244K, committed 6272K, reserved 1048576K
}

