# JRE version: Java(TM) SE Runtime Environment 18.9 (11.0.20+9) (build 11.0.20+9-LTS-256)
# Java VM: Java HotSpot(TM) 64-Bit Server VM 18.9 (11.0.20+9-LTS-256, mixed mode, tiered, compressed oops, g1 gc, windows-amd64)
Heap:
 garbage-first heap   total 131072K, used 14087K [0x0000000081600000, 0x0000000100000000)
  region size 1024K, 8 young (8192K), 6 survivors (6144K)
 Metaspace       used 30567K, capacity 31381K, committed 31488K, reserved 1077248K
  class space    used 3536K, capacity 3835K, committed 3840K, reserved 1048576K
GC Heap History (8 events):
Event: 0.757 GC heap before
{Heap before GC invocations=0 (full 0):
 garbage-first heap   total 131072K, used 25600K [0x0000000081600000, 0x0000000100000000)
  region size 1024K, 24 young (24576K), 0 survivors (0K)
 Metaspace       used 11515K, capacity 11837K, committed 12032K, reserved 1060864K
  class space    used 1152K, capacity 1253K, committed 1280K, reserved 1048576K
}
Event: 0.761 GC heap after
{Heap after GC invocations=1 (full 0):
 garbage-first heap   total 131072K, used 7008K [0x0000000081600000, 0x0000000100000000)
  region size 1024K, 3 young (3072K), 3 survivors (3072K)
 Metaspace       used 11515K, capacity 11837K, committed 12032K, reserved 1060864K
  class space    used 1152K, capacity 1253K, committed 1280K, reserved 1048576K
}
Event: 1.691 GC heap before
{Heap before GC invocations=1 (full 0):
 garbage-first heap   total 131072K, used 50016K [0x0000000081600000, 0x0000000100000000)
  region size 1024K, 46 young (47104K), 3 survivors (3072K)
 Metaspace       used 20613K, capacity 21088K, committed 21248K, reserved 1069056K
  class space    used 2243K, capacity 2439K, committed 2560K, reserved 1048576K
}
Event: 1.699 GC heap after
{Heap after GC invocations=2 (full 0):
 garbage-first heap   total 131072K, used 9234K [0x0000000081600000, 0x0000000100000000)
  region size 1024K, 6 young (6144K), 6 survivors (6144K)
 Metaspace       used 20613K, capacity 21088K, committed 21248K, reserved 1069056K
  class space    used 2243K, capacity 2439K, committed 2560K, reserved 1048576K
}
Event: 3.358 GC heap before
{Heap before GC invocations=3 (full 0):
 garbage-first heap   total 131072K, used 39954K [0x0000000081600000, 0x0000000100000000)
  region size 1024K, 36 young (36864K), 6 survivors (6144K)
 Metaspace       used 24675K, capacity 25281K, committed 25344K, reserved 1071104K
  class space    used 2784K, capacity 3032K, committed 3072K, reserved 1048576K
}
Event: 3.368 GC heap after
{Heap after GC invocations=4 (full 0):
 garbage-first heap   total 131072K, used 10877K [0x0000000081600000, 0x0000000100000000)
  region size 1024K, 4 young (4096K), 4 survivors (4096K)
 Metaspace       used 24675K, capacity 25281K, committed 25344K, reserved 1071104K
  class space    used 2784K, capacity 3032K, committed 3072K, reserved 1048576K
}
Event: 5.080 GC heap before
{Heap before GC invocations=4 (full 0):
 garbage-first heap   total 131072K, used 68221K [0x0000000081600000, 0x0000000100000000)
  region size 1024K, 60 young (61440K), 4 survivors (4096K)
 Metaspace       used 29978K, capacity 30708K, committed 30976K, reserved 1077248K
  class space    used 3458K, capacity 3761K, committed 3840K, reserved 1048576K
}
Event: 5.089 GC heap after
{Heap after GC invocations=5 (full 0):
 garbage-first heap   total 131072K, used 13063K [0x0000000081600000, 0x0000000100000000)
  region size 1024K, 6 young (6144K), 6 survivors (6144K)
 Metaspace       used 29978K, capacity 30708K, committed 30976K, reserved 1077248K
  class space    used 3458K, capacity 3761K, committed 3840K, reserved 1048576K
}

