# JRE version: Java(TM) SE Runtime Environment 18.9 (11.0.20+9) (build 11.0.20+9-LTS-256)
# Java VM: Java HotSpot(TM) 64-Bit Server VM 18.9 (11.0.20+9-LTS-256, mixed mode, tiered, compressed oops, g1 gc, windows-amd64)
Heap:
 garbage-first heap   total 262144K, used 103310K [0x00000000e0000000, 0x0000000100000000)
  region size 1024K, 73 young (74752K), 12 survivors (12288K)
 Metaspace       used 60810K, capacity 63160K, committed 63316K, reserved 440320K
  class space    used 8109K, capacity 9012K, committed 9088K, reserved 385024K
GC Heap History (10 events):
Event: 6.889 GC heap before
{Heap before GC invocations=4 (full 0):
 garbage-first heap   total 262144K, used 93092K [0x00000000e0000000, 0x0000000100000000)
  region size 1024K, 74 young (75776K), 2 survivors (2048K)
 Metaspace       used 28290K, capacity 29032K, committed 29360K, reserved 411648K
  class space    used 3720K, capacity 4021K, committed 4096K, reserved 385024K
}
Event: 6.893 GC heap after
{Heap after GC invocations=5 (full 0):
 garbage-first heap   total 262144K, used 21226K [0x00000000e0000000, 0x0000000100000000)
  region size 1024K, 3 young (3072K), 3 survivors (3072K)
 Metaspace       used 28290K, capacity 29032K, committed 29360K, reserved 411648K
  class space    used 3720K, capacity 4021K, committed 4096K, reserved 385024K
}
Event: 8.707 GC heap before
{Heap before GC invocations=5 (full 0):
 garbage-first heap   total 262144K, used 88810K [0x00000000e0000000, 0x0000000100000000)
  region size 1024K, 70 young (71680K), 3 survivors (3072K)
 Metaspace       used 34896K, capacity 35796K, committed 35920K, reserved 417792K
  class space    used 4699K, capacity 5069K, committed 5120K, reserved 385024K
}
Event: 8.715 GC heap after
{Heap after GC invocations=6 (full 0):
 garbage-first heap   total 262144K, used 24114K [0x00000000e0000000, 0x0000000100000000)
  region size 1024K, 6 young (6144K), 6 survivors (6144K)
 Metaspace       used 34896K, capacity 35796K, committed 35920K, reserved 417792K
  class space    used 4699K, capacity 5069K, committed 5120K, reserved 385024K
}
Event: 14.433 GC heap before
{Heap before GC invocations=7 (full 0):
 garbage-first heap   total 262144K, used 141874K [0x00000000e0000000, 0x0000000100000000)
  region size 1024K, 115 young (117760K), 6 survivors (6144K)
 Metaspace       used 45789K, capacity 47031K, committed 47184K, reserved 425984K
  class space    used 5895K, capacity 6362K, committed 6400K, reserved 385024K
}
Event: 14.444 GC heap after
{Heap after GC invocations=8 (full 0):
 garbage-first heap   total 262144K, used 31454K [0x00000000e0000000, 0x0000000100000000)
  region size 1024K, 13 young (13312K), 13 survivors (13312K)
 Metaspace       used 45789K, capacity 47031K, committed 47184K, reserved 425984K
  class space    used 5895K, capacity 6362K, committed 6400K, reserved 385024K
}
Event: 15.821 GC heap before
{Heap before GC invocations=8 (full 0):
 garbage-first heap   total 262144K, used 150238K [0x00000000e0000000, 0x0000000100000000)
  region size 1024K, 129 young (132096K), 13 survivors (13312K)
 Metaspace       used 54610K, capacity 56390K, committed 56528K, reserved 434176K
  class space    used 7255K, capacity 7974K, committed 8064K, reserved 385024K
}
Event: 15.835 GC heap after
{Heap after GC invocations=9 (full 0):
 garbage-first heap   total 262144K, used 35944K [0x00000000e0000000, 0x0000000100000000)
  region size 1024K, 13 young (13312K), 13 survivors (13312K)
 Metaspace       used 54610K, capacity 56390K, committed 56528K, reserved 434176K
  class space    used 7255K, capacity 7974K, committed 8064K, reserved 385024K
}
Event: 16.621 GC heap before
{Heap before GC invocations=9 (full 0):
 garbage-first heap   total 262144K, used 115816K [0x00000000e0000000, 0x0000000100000000)
  region size 1024K, 92 young (94208K), 13 survivors (13312K)
 Metaspace       used 57979K, capacity 60181K, committed 60240K, reserved 438272K
  class space    used 7806K, capacity 8654K, committed 8704K, reserved 385024K
}
Event: 16.642 GC heap after
{Heap after GC invocations=10 (full 0):
 garbage-first heap   total 262144K, used 42894K [0x00000000e0000000, 0x0000000100000000)
  region size 1024K, 12 young (12288K), 12 survivors (12288K)
 Metaspace       used 57979K, capacity 60181K, committed 60240K, reserved 438272K
  class space    used 7806K, capacity 8654K, committed 8704K, reserved 385024K
}

