# JRE version: Java(TM) SE Runtime Environment 18.9 (11.0.20+9) (build 11.0.20+9-LTS-256)
# Java VM: Java HotSpot(TM) 64-Bit Server VM 18.9 (11.0.20+9-LTS-256, mixed mode, tiered, compressed oops, g1 gc, windows-amd64)
Heap:
 garbage-first heap   total 262144K, used 93427K [0x00000000e0000000, 0x0000000100000000)
  region size 1024K, 70 young (71680K), 6 survivors (6144K)
 Metaspace       used 41946K, capacity 43016K, committed 43216K, reserved 423936K
  class space    used 5407K, capacity 5811K, committed 5888K, reserved 385024K
GC Heap History (10 events):
Event: 2.590 GC heap before
{Heap before GC invocations=0 (full 0):
 garbage-first heap   total 262144K, used 27648K [0x00000000e0000000, 0x0000000100000000)
  region size 1024K, 24 young (24576K), 0 survivors (0K)
 Metaspace       used 9719K, capacity 9973K, committed 10112K, reserved 395264K
  class space    used 967K, capacity 1049K, committed 1152K, reserved 385024K
}
Event: 2.612 GC heap after
{Heap after GC invocations=1 (full 0):
 garbage-first heap   total 262144K, used 10989K [0x00000000e0000000, 0x0000000100000000)
  region size 1024K, 3 young (3072K), 3 survivors (3072K)
 Metaspace       used 9719K, capacity 9973K, committed 10112K, reserved 395264K
  class space    used 967K, capacity 1049K, committed 1152K, reserved 385024K
}
Event: 10.104 GC heap before
{Heap before GC invocations=1 (full 0):
 garbage-first heap   total 262144K, used 108269K [0x00000000e0000000, 0x0000000100000000)
  region size 1024K, 99 young (101376K), 3 survivors (3072K)
 Metaspace       used 20729K, capacity 21243K, committed 21296K, reserved 405504K
  class space    used 2491K, capacity 2688K, committed 2688K, reserved 385024K
}
Event: 10.115 GC heap after
{Heap after GC invocations=2 (full 0):
 garbage-first heap   total 262144K, used 19298K [0x00000000e0000000, 0x0000000100000000)
  region size 1024K, 12 young (12288K), 12 survivors (12288K)
 Metaspace       used 20729K, capacity 21243K, committed 21296K, reserved 405504K
  class space    used 2491K, capacity 2688K, committed 2688K, reserved 385024K
}
Event: 13.998 GC heap before
{Heap before GC invocations=3 (full 0):
 garbage-first heap   total 262144K, used 37730K [0x00000000e0000000, 0x0000000100000000)
  region size 1024K, 30 young (30720K), 12 survivors (12288K)
 Metaspace       used 22336K, capacity 22947K, committed 23036K, reserved 405504K
  class space    used 2741K, capacity 2943K, committed 2944K, reserved 385024K
}
Event: 14.006 GC heap after
{Heap after GC invocations=4 (full 0):
 garbage-first heap   total 262144K, used 19919K [0x00000000e0000000, 0x0000000100000000)
  region size 1024K, 1 young (1024K), 1 survivors (1024K)
 Metaspace       used 22336K, capacity 22947K, committed 23036K, reserved 405504K
  class space    used 2741K, capacity 2943K, committed 2944K, reserved 385024K
}
Event: 18.558 GC heap before
{Heap before GC invocations=4 (full 0):
 garbage-first heap   total 262144K, used 134607K [0x00000000e0000000, 0x0000000100000000)
  region size 1024K, 113 young (115712K), 1 survivors (1024K)
 Metaspace       used 31228K, capacity 31995K, committed 32128K, reserved 413696K
  class space    used 4175K, capacity 4480K, committed 4480K, reserved 385024K
}
Event: 18.562 GC heap after
{Heap after GC invocations=5 (full 0):
 garbage-first heap   total 262144K, used 22925K [0x00000000e0000000, 0x0000000100000000)
  region size 1024K, 4 young (4096K), 4 survivors (4096K)
 Metaspace       used 31228K, capacity 31995K, committed 32128K, reserved 413696K
  class space    used 4175K, capacity 4480K, committed 4480K, reserved 385024K
}
Event: 19.845 GC heap before
{Heap before GC invocations=5 (full 0):
 garbage-first heap   total 262144K, used 51597K [0x00000000e0000000, 0x0000000100000000)
  region size 1024K, 33 young (33792K), 4 survivors (4096K)
 Metaspace       used 35010K, capacity 35925K, committed 36048K, reserved 417792K
  class space    used 4707K, capacity 5070K, committed 5120K, reserved 385024K
}
Event: 19.850 GC heap after
{Heap after GC invocations=6 (full 0):
 garbage-first heap   total 262144K, used 24819K [0x00000000e0000000, 0x0000000100000000)
  region size 1024K, 6 young (6144K), 6 survivors (6144K)
 Metaspace       used 35010K, capacity 35925K, committed 36048K, reserved 417792K
  class space    used 4707K, capacity 5070K, committed 5120K, reserved 385024K
}

