# JRE version: Java(TM) SE Runtime Environment 18.9 (11.0.20+9) (build 11.0.20+9-LTS-256)
# Java VM: Java HotSpot(TM) 64-Bit Server VM 18.9 (11.0.20+9-LTS-256, mixed mode, tiered, compressed oops, g1 gc, windows-amd64)
Heap:
 garbage-first heap   total 262144K, used 169513K [0x00000000e0000000, 0x0000000100000000)
  region size 1024K, 131 young (134144K), 15 survivors (15360K)
 Metaspace       used 70476K, capacity 73175K, committed 73428K, reserved 448512K
  class space    used 9209K, capacity 10211K, committed 10240K, reserved 385024K
GC Heap History (10 events):
Event: 8.027 GC heap before
{Heap before GC invocations=4 (full 0):
 garbage-first heap   total 262144K, used 110670K [0x00000000e0000000, 0x0000000100000000)
  region size 1024K, 91 young (93184K), 3 survivors (3072K)
 Metaspace       used 34851K, capacity 35792K, committed 35920K, reserved 417792K
  class space    used 4694K, capacity 5068K, committed 5120K, reserved 385024K
}
Event: 8.034 GC heap after
{Heap after GC invocations=5 (full 0):
 garbage-first heap   total 262144K, used 24737K [0x00000000e0000000, 0x0000000100000000)
  region size 1024K, 6 young (6144K), 6 survivors (6144K)
 Metaspace       used 34851K, capacity 35792K, committed 35920K, reserved 417792K
  class space    used 4694K, capacity 5068K, committed 5120K, reserved 385024K
}
Event: 10.089 GC heap before
{Heap before GC invocations=6 (full 0):
 garbage-first heap   total 262144K, used 148641K [0x00000000e0000000, 0x0000000100000000)
  region size 1024K, 121 young (123904K), 6 survivors (6144K)
 Metaspace       used 46054K, capacity 47269K, committed 47568K, reserved 428032K
  class space    used 5972K, capacity 6440K, committed 6528K, reserved 385024K
}
Event: 10.102 GC heap after
{Heap after GC invocations=7 (full 0):
 garbage-first heap   total 262144K, used 32588K [0x00000000e0000000, 0x0000000100000000)
  region size 1024K, 14 young (14336K), 14 survivors (14336K)
 Metaspace       used 46054K, capacity 47269K, committed 47568K, reserved 428032K
  class space    used 5972K, capacity 6440K, committed 6528K, reserved 385024K
}
Event: 12.504 GC heap before
{Heap before GC invocations=7 (full 0):
 garbage-first heap   total 262144K, used 152396K [0x00000000e0000000, 0x0000000100000000)
  region size 1024K, 132 young (135168K), 14 survivors (14336K)
 Metaspace       used 58554K, capacity 60116K, committed 60296K, reserved 438272K
  class space    used 7694K, capacity 8304K, committed 8320K, reserved 385024K
}
Event: 12.518 GC heap after
{Heap after GC invocations=8 (full 0):
 garbage-first heap   total 262144K, used 38015K [0x00000000e0000000, 0x0000000100000000)
  region size 1024K, 14 young (14336K), 14 survivors (14336K)
 Metaspace       used 58554K, capacity 60116K, committed 60296K, reserved 438272K
  class space    used 7694K, capacity 8304K, committed 8320K, reserved 385024K
}
Event: 14.973 GC heap before
{Heap before GC invocations=9 (full 0):
 garbage-first heap   total 262144K, used 180351K [0x00000000e0000000, 0x0000000100000000)
  region size 1024K, 153 young (156672K), 14 survivors (14336K)
 Metaspace       used 66387K, capacity 68648K, committed 68820K, reserved 444416K
  class space    used 8843K, capacity 9692K, committed 9728K, reserved 385024K
}
Event: 14.994 GC heap after
{Heap after GC invocations=10 (full 0):
 garbage-first heap   total 262144K, used 48117K [0x00000000e0000000, 0x0000000100000000)
  region size 1024K, 16 young (16384K), 16 survivors (16384K)
 Metaspace       used 66387K, capacity 68648K, committed 68820K, reserved 444416K
  class space    used 8843K, capacity 9692K, committed 9728K, reserved 385024K
}
Event: 32.426 GC heap before
{Heap before GC invocations=10 (full 0):
 garbage-first heap   total 262144K, used 187381K [0x00000000e0000000, 0x0000000100000000)
  region size 1024K, 153 young (156672K), 16 survivors (16384K)
 Metaspace       used 69750K, capacity 72481K, committed 72660K, reserved 448512K
  class space    used 9205K, capacity 10207K, committed 10240K, reserved 385024K
}
Event: 32.443 GC heap after
{Heap after GC invocations=11 (full 0):
 garbage-first heap   total 262144K, used 52777K [0x00000000e0000000, 0x0000000100000000)
  region size 1024K, 15 young (15360K), 15 survivors (15360K)
 Metaspace       used 69750K, capacity 72481K, committed 72660K, reserved 448512K
  class space    used 9205K, capacity 10207K, committed 10240K, reserved 385024K
}

