# JRE version: Java(TM) SE Runtime Environment 18.9 (11.0.20+9) (build 11.0.20+9-LTS-256)
# Java VM: Java HotSpot(TM) 64-Bit Server VM 18.9 (11.0.20+9-LTS-256, mixed mode, tiered, compressed oops, g1 gc, windows-amd64)
Heap:
 garbage-first heap   total 131072K, used 30044K [0x0000000081600000, 0x0000000100000000)
  region size 1024K, 13 young (13312K), 8 survivors (8192K)
 Metaspace       used 65666K, capacity 67453K, committed 67660K, reserved 1107968K
  class space    used 8496K, capacity 9212K, committed 9292K, reserved 1048576K
GC Heap History (10 events):
Event: 7.755 GC heap before
{Heap before GC invocations=5 (full 0):
 garbage-first heap   total 131072K, used 56208K [0x0000000081600000, 0x0000000100000000)
  region size 1024K, 48 young (49152K), 4 survivors (4096K)
 Metaspace       used 34828K, capacity 35781K, committed 35840K, reserved 1081344K
  class space    used 4089K, capacity 4475K, committed 4480K, reserved 1048576K
}
Event: 7.764 GC heap after
{Heap after GC invocations=6 (full 0):
 garbage-first heap   total 131072K, used 15241K [0x0000000081600000, 0x0000000100000000)
  region size 1024K, 7 young (7168K), 7 survivors (7168K)
 Metaspace       used 34828K, capacity 35781K, committed 35840K, reserved 1081344K
  class space    used 4089K, capacity 4475K, committed 4480K, reserved 1048576K
}
Event: 9.673 GC heap before
{Heap before GC invocations=7 (full 0):
 garbage-first heap   total 131072K, used 84873K [0x0000000081600000, 0x0000000100000000)
  region size 1024K, 76 young (77824K), 7 survivors (7168K)
 Metaspace       used 46300K, capacity 47519K, committed 47564K, reserved 1091584K
  class space    used 5803K, capacity 6317K, committed 6348K, reserved 1048576K
}
Event: 9.696 GC heap after
{Heap after GC invocations=8 (full 0):
 garbage-first heap   total 131072K, used 18283K [0x0000000081600000, 0x0000000100000000)
  region size 1024K, 7 young (7168K), 7 survivors (7168K)
 Metaspace       used 46300K, capacity 47519K, committed 47564K, reserved 1091584K
  class space    used 5803K, capacity 6317K, committed 6348K, reserved 1048576K
}
Event: 12.028 GC heap before
{Heap before GC invocations=8 (full 0):
 garbage-first heap   total 131072K, used 88939K [0x0000000081600000, 0x0000000100000000)
  region size 1024K, 76 young (77824K), 7 survivors (7168K)
 Metaspace       used 57852K, capacity 59261K, committed 59468K, reserved 1101824K
  class space    used 7423K, capacity 8006K, committed 8012K, reserved 1048576K
}
Event: 12.037 GC heap after
{Heap after GC invocations=9 (full 0):
 garbage-first heap   total 131072K, used 21829K [0x0000000081600000, 0x0000000100000000)
  region size 1024K, 7 young (7168K), 7 survivors (7168K)
 Metaspace       used 57852K, capacity 59261K, committed 59468K, reserved 1101824K
  class space    used 7423K, capacity 8006K, committed 8012K, reserved 1048576K
}
Event: 12.132 GC heap before
{Heap before GC invocations=9 (full 0):
 garbage-first heap   total 131072K, used 31045K [0x0000000081600000, 0x0000000100000000)
  region size 1024K, 17 young (17408K), 7 survivors (7168K)
 Metaspace       used 58613K, capacity 60086K, committed 60236K, reserved 1101824K
  class space    used 7539K, capacity 8172K, committed 8268K, reserved 1048576K
}
Event: 12.138 GC heap after
{Heap after GC invocations=10 (full 0):
 garbage-first heap   total 131072K, used 22627K [0x0000000081600000, 0x0000000100000000)
  region size 1024K, 5 young (5120K), 5 survivors (5120K)
 Metaspace       used 58613K, capacity 60086K, committed 60236K, reserved 1101824K
  class space    used 7539K, capacity 8172K, committed 8268K, reserved 1048576K
}
Event: 13.341 GC heap before
{Heap before GC invocations=11 (full 0):
 garbage-first heap   total 131072K, used 92259K [0x0000000081600000, 0x0000000100000000)
  region size 1024K, 73 young (74752K), 5 survivors (5120K)
 Metaspace       used 65294K, capacity 67032K, committed 67276K, reserved 1107968K
  class space    used 8443K, capacity 9156K, committed 9164K, reserved 1048576K
}
Event: 13.347 GC heap after
{Heap after GC invocations=12 (full 0):
 garbage-first heap   total 131072K, used 25948K [0x0000000081600000, 0x0000000100000000)
  region size 1024K, 8 young (8192K), 8 survivors (8192K)
 Metaspace       used 65294K, capacity 67032K, committed 67276K, reserved 1107968K
  class space    used 8443K, capacity 9156K, committed 9164K, reserved 1048576K
}

